<?xml version="1.0" encoding="UTF-8"?>
<robot generator="Robot 3.2 (Python 3.8.2 on win32)" generated="20200430 19:31:18.030" rpa="false">
<suite id="s1" name="RobotProject1" source="C:\Selenium\workspace\RobotProject1">
<suite id="s1-s1" name="Test" source="C:\Selenium\workspace\RobotProject1\Test">
<suite id="s1-s1-s1" name="SanityTest1" source="C:\Selenium\workspace\RobotProject1\Test\SanityTest1.robot">
<test id="s1-s1-s1-t1" name="MyFirstTest">
<kw name="Log" library="BuiltIn">
<doc>Logs the given message with the given level.</doc>
<arguments>
<arg>Hello World...</arg>
</arguments>
<msg timestamp="20200430 19:31:18.372" level="INFO">Hello World...</msg>
<status status="PASS" starttime="20200430 19:31:18.372" endtime="20200430 19:31:18.372"></status>
</kw>
<status status="PASS" starttime="20200430 19:31:18.371" endtime="20200430 19:31:18.373" critical="yes"></status>
</test>
<test id="s1-s1-s1-t2" name="MyFirstSeleniumTest">
<kw name="Open Browser" library="SeleniumLibrary">
<doc>Opens a new browser instance to the optional ``url``.</doc>
<arguments>
<arg>https://www.google.com</arg>
<arg>chrome</arg>
</arguments>
<msg timestamp="20200430 19:31:18.374" level="INFO">Opening browser 'chrome' to base url 'https://www.google.com'.</msg>
<status status="PASS" starttime="20200430 19:31:18.374" endtime="20200430 19:31:23.313"></status>
</kw>
<kw name="Set Browser Implicit Wait" library="SeleniumLibrary">
<doc>Sets the implicit wait value used by Selenium.</doc>
<arguments>
<arg>3s</arg>
</arguments>
<status status="PASS" starttime="20200430 19:31:23.314" endtime="20200430 19:31:23.315"></status>
</kw>
<kw name="Input Text" library="SeleniumLibrary">
<doc>Types the given ``text`` into the text field identified by ``locator``.</doc>
<arguments>
<arg>name=q</arg>
<arg>Python Automation</arg>
</arguments>
<msg timestamp="20200430 19:31:23.316" level="INFO">Typing text 'Python Automation' into text field 'name=q'.</msg>
<status status="PASS" starttime="20200430 19:31:23.316" endtime="20200430 19:31:23.490"></status>
</kw>
<kw name="Press Keys" library="SeleniumLibrary">
<doc>Simulates the user pressing key(s) to an element or on the active browser.</doc>
<arguments>
<arg>name=q</arg>
<arg>ENTER</arg>
</arguments>
<msg timestamp="20200430 19:31:23.491" level="INFO">Sending key(s) ('ENTER',) to name=q element.</msg>
<msg timestamp="20200430 19:31:23.778" level="INFO">Pressing special key ENTER to element.</msg>
<msg timestamp="20200430 19:31:23.778" level="INFO">Releasing special key ENTER.</msg>
<status status="PASS" starttime="20200430 19:31:23.490" endtime="20200430 19:31:26.143"></status>
</kw>
<kw name="Sleep" library="BuiltIn">
<doc>Pauses the test executed for the given time.</doc>
<arguments>
<arg>3s</arg>
</arguments>
<msg timestamp="20200430 19:31:29.145" level="INFO">Slept 3 seconds</msg>
<status status="PASS" starttime="20200430 19:31:26.143" endtime="20200430 19:31:29.145"></status>
</kw>
<kw name="Sleep" library="BuiltIn">
<doc>Pauses the test executed for the given time.</doc>
<arguments>
<arg>3s</arg>
</arguments>
<msg timestamp="20200430 19:31:32.148" level="INFO">Slept 3 seconds</msg>
<status status="PASS" starttime="20200430 19:31:29.146" endtime="20200430 19:31:32.149"></status>
</kw>
<kw name="Log" library="BuiltIn">
<doc>Logs the given message with the given level.</doc>
<arguments>
<arg>Hello Preeta</arg>
</arguments>
<msg timestamp="20200430 19:31:32.151" level="INFO">Hello Preeta</msg>
<status status="PASS" starttime="20200430 19:31:32.150" endtime="20200430 19:31:32.151"></status>
</kw>
<kw name="Close Browser" library="SeleniumLibrary">
<doc>Closes the current browser.</doc>
<status status="PASS" starttime="20200430 19:31:32.152" endtime="20200430 19:31:34.276"></status>
</kw>
<status status="PASS" starttime="20200430 19:31:18.373" endtime="20200430 19:31:34.278" critical="yes"></status>
</test>
<status status="PASS" starttime="20200430 19:31:18.218" endtime="20200430 19:31:34.282"></status>
</suite>
<suite id="s1-s1-s2" name="SanityTest2" source="C:\Selenium\workspace\RobotProject1\Test\SanityTest2.robot">
<test id="s1-s1-s2-t1" name="SampleTest">
<kw name="Open Browser" library="SeleniumLibrary">
<doc>Opens a new browser instance to the optional ``url``.</doc>
<arguments>
<arg>https://opensource-demo.orangehrmlive.com/</arg>
<arg>chrome</arg>
</arguments>
<msg timestamp="20200430 19:31:34.301" level="INFO">Opening browser 'chrome' to base url 'https://opensource-demo.orangehrmlive.com/'.</msg>
<status status="PASS" starttime="20200430 19:31:34.300" endtime="20200430 19:31:40.176"></status>
</kw>
<kw name="Set Browser Implicit Wait" library="SeleniumLibrary">
<doc>Sets the implicit wait value used by Selenium.</doc>
<arguments>
<arg>3s</arg>
</arguments>
<status status="PASS" starttime="20200430 19:31:40.177" endtime="20200430 19:31:40.178"></status>
</kw>
<kw name="Input Text" library="SeleniumLibrary">
<doc>Types the given ``text`` into the text field identified by ``locator``.</doc>
<arguments>
<arg>id=txtUsername</arg>
<arg>Admin</arg>
</arguments>
<msg timestamp="20200430 19:31:40.178" level="INFO">Typing text 'Admin' into text field 'id=txtUsername'.</msg>
<status status="PASS" starttime="20200430 19:31:40.178" endtime="20200430 19:31:40.264"></status>
</kw>
<kw name="Sleep" library="BuiltIn">
<doc>Pauses the test executed for the given time.</doc>
<arguments>
<arg>2s</arg>
</arguments>
<msg timestamp="20200430 19:31:42.265" level="INFO">Slept 2 seconds</msg>
<status status="PASS" starttime="20200430 19:31:40.264" endtime="20200430 19:31:42.265"></status>
</kw>
<kw name="Input Text" library="SeleniumLibrary">
<doc>Types the given ``text`` into the text field identified by ``locator``.</doc>
<arguments>
<arg>id=txtPassword</arg>
<arg>admin123</arg>
</arguments>
<msg timestamp="20200430 19:31:42.266" level="INFO">Typing text 'admin123' into text field 'id=txtPassword'.</msg>
<status status="PASS" starttime="20200430 19:31:42.265" endtime="20200430 19:31:42.344"></status>
</kw>
<kw name="Sleep" library="BuiltIn">
<doc>Pauses the test executed for the given time.</doc>
<arguments>
<arg>2s</arg>
</arguments>
<msg timestamp="20200430 19:31:44.345" level="INFO">Slept 2 seconds</msg>
<status status="PASS" starttime="20200430 19:31:42.344" endtime="20200430 19:31:44.345"></status>
</kw>
<kw name="Click Button" library="SeleniumLibrary">
<doc>Clicks the button identified by ``locator``.</doc>
<arguments>
<arg>id=btnLogin</arg>
</arguments>
<msg timestamp="20200430 19:31:44.346" level="INFO">Clicking button 'id=btnLogin'.</msg>
<status status="PASS" starttime="20200430 19:31:44.345" endtime="20200430 19:31:50.524"></status>
</kw>
<kw name="Sleep" library="BuiltIn">
<doc>Pauses the test executed for the given time.</doc>
<arguments>
<arg>2s</arg>
</arguments>
<msg timestamp="20200430 19:31:52.527" level="INFO">Slept 2 seconds</msg>
<status status="PASS" starttime="20200430 19:31:50.525" endtime="20200430 19:31:52.527"></status>
</kw>
<kw name="Click Element" library="SeleniumLibrary">
<doc>Click the element identified by ``locator``.</doc>
<arguments>
<arg>id=welcome</arg>
</arguments>
<msg timestamp="20200430 19:31:52.528" level="INFO">Clicking element 'id=welcome'.</msg>
<status status="PASS" starttime="20200430 19:31:52.528" endtime="20200430 19:31:57.584"></status>
</kw>
<kw name="Sleep" library="BuiltIn">
<doc>Pauses the test executed for the given time.</doc>
<arguments>
<arg>2s</arg>
</arguments>
<msg timestamp="20200430 19:31:59.586" level="INFO">Slept 2 seconds</msg>
<status status="PASS" starttime="20200430 19:31:57.584" endtime="20200430 19:31:59.587"></status>
</kw>
<kw name="Click Element" library="SeleniumLibrary">
<doc>Click the element identified by ``locator``.</doc>
<arguments>
<arg>link=Logout</arg>
</arguments>
<msg timestamp="20200430 19:31:59.590" level="INFO">Clicking element 'link=Logout'.</msg>
<kw name="Capture Page Screenshot" library="SeleniumLibrary">
<doc>Takes a screenshot of the current page and embeds it into a log file.</doc>
<msg timestamp="20200430 19:32:03.303" level="INFO" html="yes">&lt;/td&gt;&lt;/tr&gt;&lt;tr&gt;&lt;td colspan="3"&gt;&lt;a href="selenium-screenshot-16.png"&gt;&lt;img src="selenium-screenshot-16.png" width="800px"&gt;&lt;/a&gt;</msg>
<status status="PASS" starttime="20200430 19:32:02.628" endtime="20200430 19:32:03.304"></status>
</kw>
<msg timestamp="20200430 19:32:03.535" level="FAIL">Element with locator 'link=Logout' not found.</msg>
<status status="FAIL" starttime="20200430 19:31:59.589" endtime="20200430 19:32:03.536"></status>
</kw>
<status status="FAIL" starttime="20200430 19:31:34.299" endtime="20200430 19:32:03.536" critical="yes">Element with locator 'link=Logout' not found.</status>
</test>
<status status="FAIL" starttime="20200430 19:31:34.291" endtime="20200430 19:32:03.537"></status>
</suite>
<suite id="s1-s1-s3" name="SanityTest3" source="C:\Selenium\workspace\RobotProject1\Test\SanityTest3.robot">
<test id="s1-s1-s3-t1" name=" SampleTest3">
<kw name="Open Browser" library="SeleniumLibrary">
<doc>Opens a new browser instance to the optional ``url``.</doc>
<arguments>
<arg>https://opensource-demo.orangehrmlive.com/</arg>
<arg>chrome</arg>
</arguments>
<msg timestamp="20200430 19:32:03.545" level="INFO">Opening browser 'chrome' to base url 'https://opensource-demo.orangehrmlive.com/'.</msg>
<kw name="Capture Page Screenshot" library="SeleniumLibrary">
<doc>Takes a screenshot of the current page and embeds it into a log file.</doc>
<msg timestamp="20200430 19:32:19.864" level="FAIL">WebDriverException: Message: chrome not reachable
  (Session info: chrome=81.0.4044.129)
</msg>
<status status="FAIL" starttime="20200430 19:32:06.901" endtime="20200430 19:32:19.864"></status>
</kw>
<msg timestamp="20200430 19:32:19.864" level="WARN">Keyword 'Capture Page Screenshot' could not be run on failure: WebDriverException: Message: chrome not reachable
  (Session info: chrome=81.0.4044.129)
</msg>
<msg timestamp="20200430 19:32:19.875" level="FAIL">WebDriverException: Message: unknown error: cannot determine loading status
from disconnected: received Inspector.detached event
  (Session info: chrome=81.0.4044.129)
</msg>
<status status="FAIL" starttime="20200430 19:32:03.545" endtime="20200430 19:32:19.875"></status>
</kw>
<status status="FAIL" starttime="20200430 19:32:03.544" endtime="20200430 19:32:19.875" critical="yes">WebDriverException: Message: unknown error: cannot determine loading status
from disconnected: received Inspector.detached event
  (Session info: chrome=81.0.4044.129)
</status>
</test>
<status status="FAIL" starttime="20200430 19:32:03.539" endtime="20200430 19:32:19.876"></status>
</suite>
<suite id="s1-s1-s4" name="SanityTest4" source="C:\Selenium\workspace\RobotProject1\Test\SanityTest4.robot">
<kw name="Open Browser" library="SeleniumLibrary" type="setup">
<doc>Opens a new browser instance to the optional ``url``.</doc>
<arguments>
<arg>https://opensource-demo.orangehrmlive.com/</arg>
<arg>chrome</arg>
</arguments>
<msg timestamp="20200430 19:32:19.883" level="INFO">Opening browser 'chrome' to base url 'https://opensource-demo.orangehrmlive.com/'.</msg>
<status status="PASS" starttime="20200430 19:32:19.883" endtime="20200430 19:32:24.120"></status>
</kw>
<test id="s1-s1-s4-t1" name="SampleTest2">
<kw name="Log" library="BuiltIn" type="setup">
<doc>Logs the given message with the given level.</doc>
<arguments>
<arg>Hello</arg>
</arguments>
<msg timestamp="20200430 19:32:24.123" level="INFO">Hello</msg>
<status status="PASS" starttime="20200430 19:32:24.122" endtime="20200430 19:32:24.123"></status>
</kw>
<kw name="Set Browser Implicit Wait" library="SeleniumLibrary">
<doc>Sets the implicit wait value used by Selenium.</doc>
<arguments>
<arg>3s</arg>
</arguments>
<status status="PASS" starttime="20200430 19:32:24.124" endtime="20200430 19:32:24.125"></status>
</kw>
<kw name="Input Text" library="SeleniumLibrary">
<doc>Types the given ``text`` into the text field identified by ``locator``.</doc>
<arguments>
<arg>id=txtUsername</arg>
<arg>@{Credential}[0]</arg>
</arguments>
<msg timestamp="20200430 19:32:24.126" level="WARN">Accessing variable items using '@{Credential}[0]' syntax is deprecated. Use '${Credential}[0]' instead.</msg>
<msg timestamp="20200430 19:32:24.127" level="INFO">Typing text 'Admin' into text field 'id=txtUsername'.</msg>
<status status="PASS" starttime="20200430 19:32:24.126" endtime="20200430 19:32:24.252"></status>
</kw>
<kw name="Sleep" library="BuiltIn">
<doc>Pauses the test executed for the given time.</doc>
<arguments>
<arg>2s</arg>
</arguments>
<msg timestamp="20200430 19:32:26.253" level="INFO">Slept 2 seconds</msg>
<status status="PASS" starttime="20200430 19:32:24.252" endtime="20200430 19:32:26.253"></status>
</kw>
<kw name="Input Text" library="SeleniumLibrary">
<doc>Types the given ``text`` into the text field identified by ``locator``.</doc>
<arguments>
<arg>id=txtPassword</arg>
<arg>@{Credential}[1]</arg>
</arguments>
<msg timestamp="20200430 19:32:26.254" level="WARN">Accessing variable items using '@{Credential}[1]' syntax is deprecated. Use '${Credential}[1]' instead.</msg>
<msg timestamp="20200430 19:32:26.254" level="INFO">Typing text 'admin123' into text field 'id=txtPassword'.</msg>
<status status="PASS" starttime="20200430 19:32:26.253" endtime="20200430 19:32:26.346"></status>
</kw>
<kw name="Sleep" library="BuiltIn">
<doc>Pauses the test executed for the given time.</doc>
<arguments>
<arg>2s</arg>
</arguments>
<msg timestamp="20200430 19:32:28.348" level="INFO">Slept 2 seconds</msg>
<status status="PASS" starttime="20200430 19:32:26.347" endtime="20200430 19:32:28.348"></status>
</kw>
<kw name="Click Button" library="SeleniumLibrary">
<doc>Clicks the button identified by ``locator``.</doc>
<arguments>
<arg>id=btnLogin</arg>
</arguments>
<msg timestamp="20200430 19:32:28.349" level="INFO">Clicking button 'id=btnLogin'.</msg>
<kw name="Capture Page Screenshot" library="SeleniumLibrary">
<doc>Takes a screenshot of the current page and embeds it into a log file.</doc>
<msg timestamp="20200430 19:32:52.392" level="FAIL">WebDriverException: Message: chrome not reachable
  (Session info: chrome=81.0.4044.129)
</msg>
<status status="FAIL" starttime="20200430 19:32:40.363" endtime="20200430 19:32:52.392"></status>
</kw>
<msg timestamp="20200430 19:32:52.392" level="WARN">Keyword 'Capture Page Screenshot' could not be run on failure: WebDriverException: Message: chrome not reachable
  (Session info: chrome=81.0.4044.129)
</msg>
<msg timestamp="20200430 19:32:52.394" level="FAIL">WebDriverException: Message: chrome not reachable
  (Session info: chrome=81.0.4044.129)
</msg>
<status status="FAIL" starttime="20200430 19:32:28.348" endtime="20200430 19:32:52.394"></status>
</kw>
<kw name="Log" library="BuiltIn" type="teardown">
<doc>Logs the given message with the given level.</doc>
<arguments>
<arg>Bye</arg>
</arguments>
<msg timestamp="20200430 19:32:52.395" level="INFO">Bye</msg>
<status status="PASS" starttime="20200430 19:32:52.395" endtime="20200430 19:32:52.395"></status>
</kw>
<tags>
<tag>Smoke</tag>
</tags>
<status status="FAIL" starttime="20200430 19:32:24.121" endtime="20200430 19:32:52.395" critical="yes">WebDriverException: Message: chrome not reachable
  (Session info: chrome=81.0.4044.129)
</status>
</test>
<test id="s1-s1-s4-t2" name=" SampleTest4">
<kw name="Log" library="BuiltIn" type="setup">
<doc>Logs the given message with the given level.</doc>
<arguments>
<arg>Hello</arg>
</arguments>
<msg timestamp="20200430 19:32:52.397" level="INFO">Hello</msg>
<status status="PASS" starttime="20200430 19:32:52.396" endtime="20200430 19:32:52.397"></status>
</kw>
<kw name="Set Browser Implicit Wait" library="SeleniumLibrary">
<doc>Sets the implicit wait value used by Selenium.</doc>
<arguments>
<arg>3s</arg>
</arguments>
<status status="PASS" starttime="20200430 19:32:52.397" endtime="20200430 19:32:52.398"></status>
</kw>
<kw name="Login">
<kw name="Input Text" library="SeleniumLibrary">
<doc>Types the given ``text`` into the text field identified by ``locator``.</doc>
<arguments>
<arg>id=txtUsername</arg>
<arg>&amp;{LoginData}[Username]</arg>
</arguments>
<msg timestamp="20200430 19:32:52.399" level="WARN">Accessing variable items using '&amp;{LoginData}[Username]' syntax is deprecated. Use '${LoginData}[Username]' instead.</msg>
<msg timestamp="20200430 19:32:52.399" level="INFO">Typing text 'Admin' into text field 'id=txtUsername'.</msg>
<kw name="Capture Page Screenshot" library="SeleniumLibrary">
<doc>Takes a screenshot of the current page and embeds it into a log file.</doc>
<msg timestamp="20200430 19:33:16.455" level="FAIL">WebDriverException: Message: chrome not reachable
  (Session info: chrome=81.0.4044.129)
</msg>
<status status="FAIL" starttime="20200430 19:33:04.423" endtime="20200430 19:33:16.455"></status>
</kw>
<msg timestamp="20200430 19:33:16.455" level="WARN">Keyword 'Capture Page Screenshot' could not be run on failure: WebDriverException: Message: chrome not reachable
  (Session info: chrome=81.0.4044.129)
</msg>
<msg timestamp="20200430 19:33:16.583" level="FAIL">WebDriverException: Message: chrome not reachable
  (Session info: chrome=81.0.4044.129)
</msg>
<status status="FAIL" starttime="20200430 19:32:52.399" endtime="20200430 19:33:16.584"></status>
</kw>
<status status="FAIL" starttime="20200430 19:32:52.398" endtime="20200430 19:33:16.584"></status>
</kw>
<kw name="Log" library="BuiltIn" type="teardown">
<doc>Logs the given message with the given level.</doc>
<arguments>
<arg>Bye</arg>
</arguments>
<msg timestamp="20200430 19:33:16.585" level="INFO">Bye</msg>
<status status="PASS" starttime="20200430 19:33:16.584" endtime="20200430 19:33:16.585"></status>
</kw>
<tags>
<tag>Sanity</tag>
</tags>
<status status="FAIL" starttime="20200430 19:32:52.396" endtime="20200430 19:33:16.585" critical="yes">WebDriverException: Message: chrome not reachable
  (Session info: chrome=81.0.4044.129)
</status>
</test>
<kw name="Close Browser" library="SeleniumLibrary" type="teardown">
<doc>Closes the current browser.</doc>
<status status="PASS" starttime="20200430 19:33:16.586" endtime="20200430 19:33:18.638"></status>
</kw>
<status status="FAIL" starttime="20200430 19:32:19.878" endtime="20200430 19:33:18.638"></status>
</suite>
<status status="FAIL" starttime="20200430 19:31:18.216" endtime="20200430 19:33:18.642"></status>
</suite>
<status status="FAIL" starttime="20200430 19:31:18.186" endtime="20200430 19:33:18.646"></status>
</suite>
<statistics>
<total>
<stat pass="2" fail="4">Critical Tests</stat>
<stat pass="2" fail="4">All Tests</stat>
</total>
<tag>
<stat pass="0" fail="1">Sanity</stat>
<stat pass="0" fail="1">Smoke</stat>
</tag>
<suite>
<stat pass="2" fail="4" id="s1" name="RobotProject1">RobotProject1</stat>
<stat pass="2" fail="4" id="s1-s1" name="Test">RobotProject1.Test</stat>
<stat pass="2" fail="0" id="s1-s1-s1" name="SanityTest1">RobotProject1.Test.SanityTest1</stat>
<stat pass="0" fail="1" id="s1-s1-s2" name="SanityTest2">RobotProject1.Test.SanityTest2</stat>
<stat pass="0" fail="1" id="s1-s1-s3" name="SanityTest3">RobotProject1.Test.SanityTest3</stat>
<stat pass="0" fail="2" id="s1-s1-s4" name="SanityTest4">RobotProject1.Test.SanityTest4</stat>
</suite>
</statistics>
<errors>
<msg timestamp="20200430 19:32:19.864" level="WARN">Keyword 'Capture Page Screenshot' could not be run on failure: WebDriverException: Message: chrome not reachable
  (Session info: chrome=81.0.4044.129)
</msg>
<msg timestamp="20200430 19:32:24.126" level="WARN">Accessing variable items using '@{Credential}[0]' syntax is deprecated. Use '${Credential}[0]' instead.</msg>
<msg timestamp="20200430 19:32:26.254" level="WARN">Accessing variable items using '@{Credential}[1]' syntax is deprecated. Use '${Credential}[1]' instead.</msg>
<msg timestamp="20200430 19:32:52.392" level="WARN">Keyword 'Capture Page Screenshot' could not be run on failure: WebDriverException: Message: chrome not reachable
  (Session info: chrome=81.0.4044.129)
</msg>
<msg timestamp="20200430 19:32:52.399" level="WARN">Accessing variable items using '&amp;{LoginData}[Username]' syntax is deprecated. Use '${LoginData}[Username]' instead.</msg>
<msg timestamp="20200430 19:33:16.455" level="WARN">Keyword 'Capture Page Screenshot' could not be run on failure: WebDriverException: Message: chrome not reachable
  (Session info: chrome=81.0.4044.129)
</msg>
</errors>
</robot>
